PHP Warning:  Module "gmp" is already loaded in Unknown on line 0
  PHP Warning:  Module "gmp" is already loaded in Unknown on line 0

   INFO  Server running on [http://0.0.0.0:8888].  

  Press Ctrl+C to stop the server

PHP Warning:  Module "gmp" is already loaded in Unknown on line 0
  PHP Warning:  Module "gmp" is already loaded in Unknown on line 0

   INFO  Server running on [http://0.0.0.0:8888].  

  Press Ctrl+C to stop the server

  2025-02-16 06:40:07 /api/user .................................. ~ 500.50ms
  2025-02-16 06:40:07 /favicon.ico ..................................... ~ 1s
  2025-02-16 06:40:27 /api/user .................................. ~ 500.73ms
  2025-02-16 06:40:27 /favicon.ico ..................................... ~ 1s
  2025-02-16 06:40:29 /api/user .................................... ~ 0.09ms
  2025-02-16 06:40:29 /favicon.ico ..................................... ~ 1s
  2025-02-16 06:40:34 /api/user .................................. ~ 500.37ms
  2025-02-16 06:40:34 /favicon.ico ..................................... ~ 1s
  2025-02-16 06:40:51 .............................................. ~ 1m 16s
  2025-02-16 06:42:08 ............................................... ~ 1m 2s
  2025-02-16 06:43:19 /api/user-info ............................... ~ 0.13ms
  2025-02-16 06:43:20 /api/user-info ............................... ~ 0.09ms
  2025-02-16 06:43:20 /api/user-info ............................... ~ 0.09ms
  2025-02-16 06:43:20 /api/user-info ............................... ~ 0.03ms
  2025-02-16 06:43:27 /api/user-info ............................... ~ 0.09ms
  2025-02-16 06:43:27 /api/user-info ............................. ~ 500.39ms
  2025-02-16 06:43:28 /api/user-info ............................... ~ 0.09ms
  2025-02-16 06:43:28 /api/user-info ............................. ~ 500.33ms
  2025-02-16 06:43:35 /api/user-info ............................... ~ 0.11ms
  2025-02-16 06:43:35 /api/user-info ............................... ~ 0.09ms
  2025-02-16 06:43:36 /api/user-info ............................... ~ 0.08ms
  2025-02-16 06:43:36 /api/user-info ............................... ~ 0.01ms
  2025-02-16 06:43:38 /api/regulator ............................. ~ 500.46ms
  2025-02-16 06:43:38 /api/question .............................. ~ 500.74ms
  2025-02-16 06:43:38 /api/regulator ................................... ~ 1s
  2025-02-16 06:43:39 /api/question .................................... ~ 1s
  2025-02-16 06:43:40 /api/frameworks ............................ ~ 500.38ms
  2025-02-16 06:43:41 /api/frameworks .............................. ~ 0.09ms
  2025-02-16 06:43:41 /api/control ................................. ~ 0.02ms
  2025-02-16 06:43:41 /api/control ................................. ~ 0.10ms
  2025-02-16 06:43:42 /api/user .................................... ~ 0.08ms
  2025-02-16 06:43:42 /api/user .................................... ~ 0.09ms
  2025-02-16 06:43:43 /api/user-info .................................. ~ 39s
  2025-02-16 06:44:23 /api/user-info ............................. ~ 500.40ms
  2025-02-16 06:44:24 /api/user-info ............................... ~ 0.03ms
  2025-02-16 06:44:24 /api/user-info ............................... ~ 0.10ms
  2025-02-16 06:44:26 /api/framework-install ....................... ~ 0.09ms
  2025-02-16 06:44:26 /api/framework-install ..................... ~ 500.39ms
  2025-02-16 06:44:30 /api/install-framework .......................... ~ 18s
  [Sun Feb 16 06:44:49 2025] PHP Deprecated:  Optional parameter $parentId declared before required parameter $frameworkId is implicitly treated as a required parameter in /home/pointlogservice-test/htdocs/BackEndKitTest/database/seeders/NCAOTCC1_2022Seeder.php on line 2912
  2025-02-16 06:44:49 /api/install-framework ..................... ~ 500.47ms
  2025-02-16 06:44:50 /api/framework-install ....................... ~ 0.10ms
  2025-02-16 06:44:50 /api/framework-install ....................... ~ 0.13ms
  2025-02-16 06:44:55 /api/user-info ............................... ~ 0.12ms
  2025-02-16 06:44:55 /api/user-info ............................... ~ 0.10ms
  2025-02-16 06:44:56 /api/user-info ............................... ~ 0.08ms
  2025-02-16 06:44:56 /api/user-info ............................... ~ 0.03ms
  2025-02-16 06:44:58 /api/question ................................ ~ 0.11ms
  2025-02-16 06:44:58 /api/regulator ............................... ~ 0.38ms
  2025-02-16 06:44:58 /api/question .............................. ~ 500.44ms
  2025-02-16 06:44:58 /api/regulator ............................. ~ 500.67ms
  2025-02-16 06:44:59 /api/frameworks ............................ ~ 500.49ms
  2025-02-16 06:44:59 /api/frameworks ............................ ~ 500.75ms
  2025-02-16 06:45:00 /api/control ................................. ~ 0.02ms
  2025-02-16 06:45:00 /api/control ..................................... ~ 1s
  2025-02-16 06:45:00 /api/user ........................................ ~ 1s
  2025-02-16 06:45:04 /api/user .................................... ~ 0.09ms
  2025-02-16 06:46:50 /api/user-info ................................... ~ 2s
  2025-02-16 06:46:51 /api/user-info ................................... ~ 3s
  2025-02-16 06:46:54 /api/user-info ............................... ~ 0.09ms
  2025-02-16 06:46:54 /api/user-info ................................... ~ 1s
  2025-02-16 06:46:58 /api/regulator ............................. ~ 500.40ms
  2025-02-16 06:46:58 /api/question .................................... ~ 1s
  2025-02-16 06:47:00 /api/regulator ............................. ~ 500.42ms
  2025-02-16 06:47:00 /api/question .............................. ~ 500.74ms
  2025-02-16 06:47:01 /api/frameworks ............................ ~ 500.44ms
  2025-02-16 06:47:03 /api/frameworks ............................ ~ 500.38ms
  2025-02-16 06:47:05 /api/control ................................. ~ 0.10ms
  2025-02-16 06:47:05 /api/control ..................................... ~ 1s
  2025-02-16 06:47:08 /api/user .................................. ~ 500.49ms
  2025-02-16 06:47:08 /api/user .................................... ~ 0.03ms
  2025-02-16 06:47:26 /api/install-framework ....................... ~ 0.14ms
  [Sun Feb 16 06:47:27 2025] PHP Deprecated:  Optional parameter $parentId declared before required parameter $frameworkId is implicitly treated as a required parameter in /home/pointlogservice-test/htdocs/BackEndKitTest/database/seeders/NCAECC_1_2018Seeder.php on line 5073
  2025-02-16 06:47:26 /api/install-framework ..................... ~ 500.48ms
  2025-02-16 06:47:27 /api/framework-install ....................... ~ 0.02ms
  2025-02-16 06:47:28 /api/framework-install ....................... ~ 0.09ms
  2025-02-16 06:47:31 /api/user-info ............................... ~ 0.11ms
  2025-02-16 06:47:31 /api/user-info ............................... ~ 0.02ms
  2025-02-16 06:47:32 /api/user-info ............................... ~ 0.09ms
  2025-02-16 06:47:32 /api/user-info ............................... ~ 0.10ms
  2025-02-16 06:47:35 /api/regulator ............................. ~ 500.45ms
  2025-02-16 06:47:35 /api/question .............................. ~ 500.73ms
  2025-02-16 06:47:35 /api/regulator ................................... ~ 4s
  2025-02-16 06:47:39 /api/question .............................. ~ 500.92ms
  2025-02-16 06:47:43 /api/frameworks .................................. ~ 1s
  2025-02-16 06:47:45 /api/frameworks .............................. ~ 0.09ms
  2025-02-16 06:47:46 /api/control ............................... ~ 323.19ms
PHP Warning:  Module "gmp" is already loaded in Unknown on line 0
  PHP Warning:  Module "gmp" is already loaded in Unknown on line 0

   INFO  Server running on [http://0.0.0.0:8888].  

  Press Ctrl+C to stop the server

  2025-02-17 08:57:50 /api/question ................................ ~ 0.16ms
  2025-02-17 08:57:50 /favicon.ico ..................................... ~ 1s
  2025-02-17 08:59:21 /api/user-info ............................... ~ 0.16ms
  2025-02-17 08:59:21 /api/user-info ............................... ~ 0.12ms
  2025-02-17 08:59:22 /api/user-info ............................... ~ 0.04ms
  2025-02-17 08:59:22 /api/user-info ............................... ~ 0.17ms
  2025-02-17 08:59:27 /api/user-info ............................... ~ 0.94ms
  2025-02-17 08:59:27 /api/user-info ............................... ~ 0.14ms
  2025-02-17 08:59:28 /api/user-info ............................... ~ 0.11ms
  2025-02-17 08:59:28 /api/user-info ............................... ~ 0.02ms
  2025-02-17 08:59:31 /api/regulator ............................... ~ 0.10ms
  2025-02-17 08:59:31 /api/question ................................ ~ 0.28ms
  2025-02-17 08:59:32 /api/question ................................ ~ 0.02ms
  2025-02-17 08:59:32 /api/regulator ............................... ~ 0.27ms
  2025-02-17 08:59:32 /api/frameworks .............................. ~ 0.12ms
  2025-02-17 08:59:32 /api/frameworks .............................. ~ 0.02ms
  2025-02-17 08:59:32 /api/control ................................. ~ 0.10ms
  2025-02-17 08:59:32 /api/control ................................. ~ 0.02ms
  2025-02-17 08:59:33 /api/user .................................. ~ 500.36ms
  2025-02-17 08:59:33 /api/user .................................... ~ 0.14ms
  2025-02-17 09:00:26 /api/question ................................ ~ 0.13ms
  2025-02-17 09:00:26 /favicon.ico ............................... ~ 500.81ms
  2025-02-17 09:00:34 /api/question ................................ ~ 0.10ms
  2025-02-17 09:00:35 /api/question ................................ ~ 0.02ms
  2025-02-17 09:00:42 /api/question ................................ ~ 0.12ms
  2025-02-17 09:00:42 /favicon.ico ..................................... ~ 1s
  2025-02-17 09:00:44 /api/question ................................ ~ 0.14ms
  2025-02-17 09:00:45 /api/question ................................ ~ 0.03ms
  2025-02-17 09:00:46 /api/question ................................ ~ 0.09ms
  2025-02-17 09:00:46 /api/question ................................ ~ 0.46ms
  2025-02-17 09:00:46 /api/question ................................ ~ 0.12ms
  2025-02-17 09:00:46 /api/question ................................ ~ 0.12ms
  2025-02-17 09:00:47 /api/question ................................ ~ 0.13ms
  2025-02-17 09:00:47 /api/question ................................ ~ 0.06ms
  2025-02-17 09:04:24 /api/question ................................ ~ 0.13ms
  2025-02-17 09:04:24 .............................................. ~ 0.41ms
  2025-02-17 09:04:25 /favicon.ico ................................. ~ 0.12ms
  2025-02-17 09:31:33 .............................................. ~ 0.16ms
  2025-02-17 09:47:10 / ............................................ ~ 0.14ms
  2025-02-17 09:48:02 / .......................................... ~ 500.53ms
  2025-02-17 10:15:04 /api/user .................................... ~ 0.29ms
  2025-02-17 10:15:04 /favicon.ico ............................... ~ 500.47ms
  2025-02-17 10:18:38 /api/assessment .............................. ~ 0.12ms
  2025-02-17 10:18:38 /favicon.ico ................................. ~ 0.02ms
  2025-02-17 10:25:37 /api/regulator ............................... ~ 0.11ms
  2025-02-17 10:25:37 /api/question ................................ ~ 0.39ms
  2025-02-17 10:25:37 /api/frameworks .............................. ~ 0.03ms
  2025-02-17 10:25:38 /api/control ............................... ~ 500.41ms
  2025-02-17 10:25:38 /api/user .................................... ~ 0.03ms
  2025-02-17 10:25:51 /api/regulator ............................... ~ 0.12ms
  2025-02-17 10:25:51 /api/question ................................ ~ 0.29ms
  2025-02-17 10:25:51 /api/frameworks .............................. ~ 0.15ms
  2025-02-17 10:25:51 /api/control ................................. ~ 0.02ms
  2025-02-17 10:25:51 /api/user .................................... ~ 0.10ms
  2025-02-17 10:26:42 /api/framework-install ....................... ~ 0.09ms
  2025-02-17 10:26:51 /api/install-framework ....................... ~ 0.12ms
  [Mon Feb 17 10:26:51 2025] PHP Deprecated:  Optional parameter $parentId declared before required parameter $frameworkId is implicitly treated as a required parameter in /home/pointlogservice-test/htdocs/BackEndKitTest/database/seeders/ISO27001Seeder.php on line 2231
  2025-02-17 10:26:51 /api/install-framework ..................... ~ 500.62ms
  2025-02-17 10:26:51 /api/framework-install ....................... ~ 0.02ms
  2025-02-17 10:26:57 /api/regulator ............................... ~ 0.14ms
  2025-02-17 10:26:57 /api/question ................................ ~ 0.45ms
  2025-02-17 10:26:57 /api/frameworks .............................. ~ 0.13ms
  2025-02-17 10:26:57 /api/control ............................... ~ 500.43ms
  2025-02-17 10:26:58 /api/user .................................... ~ 0.12ms
  2025-02-17 10:28:38 /api/framework-install ....................... ~ 0.15ms
  2025-02-17 10:28:50 /api/install-framework ....................... ~ 0.12ms
  [Mon Feb 17 10:28:50 2025] PHP Deprecated:  Optional parameter $parentId declared before required parameter $frameworkId is implicitly treated as a required parameter in /home/pointlogservice-test/htdocs/BackEndKitTest/database/seeders/NCAECC_1_2018Seeder.php on line 5073
  2025-02-17 10:28:50 /api/install-framework ........................... ~ 1s
  2025-02-17 10:28:51 /api/framework-install ....................... ~ 0.04ms
  2025-02-17 10:29:35 /api/regulator ............................... ~ 0.13ms
  2025-02-17 10:29:35 /api/question ................................ ~ 0.35ms
  2025-02-17 10:29:35 /api/frameworks .............................. ~ 0.01ms
  2025-02-17 10:29:35 /api/control ............................... ~ 500.50ms
  2025-02-17 10:29:36 /api/user .................................... ~ 0.09ms
  2025-02-17 10:29:57 /api/user .................................... ~ 0.15ms
  2025-02-17 10:35:58 / ............................................ ~ 0.14ms
  2025-02-17 10:35:59 /_debugbar/assets/stylesheets .................... ~ 1s
  2025-02-17 10:35:59 /_debugbar/assets/javascript ..................... ~ 1s
  2025-02-17 10:36:02 /favicon.ico ................................. ~ 0.12ms
  2025-02-17 10:37:34 /api/question .............................. ~ 519.66ms
  2025-02-17 10:37:33 /api/regulator ............................. ~ 520.01ms
  2025-02-17 10:37:35 /api/frameworks ............................ ~ 501.91ms
  2025-02-17 10:37:36 /api/control ..................................... ~ 1s
  2025-02-17 10:37:38 /api/user .................................. ~ 500.34ms
  2025-02-17 10:42:20 /api/user-info ............................... ~ 0.58ms
  2025-02-17 10:42:20 /api/user-info ............................... ~ 0.03ms
  2025-02-17 10:42:20 /api/user-info ............................... ~ 0.02ms
  2025-02-17 10:42:20 /api/user-info ............................... ~ 0.10ms
  2025-02-17 10:42:22 /api/regulator ............................... ~ 0.10ms
  2025-02-17 10:42:22 /api/question ................................ ~ 0.33ms
  2025-02-17 10:42:22 /api/regulator ............................... ~ 0.10ms
  2025-02-17 10:42:22 /api/question ................................ ~ 0.34ms
  2025-02-17 10:42:22 /api/frameworks .............................. ~ 0.02ms
  2025-02-17 10:42:22 /api/frameworks .............................. ~ 0.09ms
  2025-02-17 10:42:23 /api/control ................................. ~ 0.02ms
  2025-02-17 10:42:23 /api/control ............................... ~ 500.40ms
  2025-02-17 10:42:24 /api/user .................................... ~ 0.12ms
  2025-02-17 10:42:24 /api/user .................................... ~ 0.02ms
  2025-02-17 10:42:45 /api/user .................................... ~ 0.09ms
  2025-02-17 10:42:46 /api/user .................................... ~ 0.12ms
  2025-02-17 10:42:46 /api/question .................................... ~ 9s
  2025-02-17 10:42:55 /api/question ................................ ~ 0.02ms
  2025-02-17 10:42:55 /api/question ................................ ~ 0.10ms
  2025-02-17 10:42:56 /api/question ................................ ~ 0.02ms
  2025-02-17 10:43:27 /api/question ................................ ~ 0.12ms
  2025-02-17 10:43:27 /api/question ................................ ~ 0.14ms
  2025-02-17 10:43:46 /api/user .................................... ~ 0.10ms
  2025-02-17 10:43:46 /api/user .................................... ~ 0.10ms
  2025-02-17 10:43:56 /api/user .................................... ~ 0.13ms
  2025-02-17 10:43:56 /api/user .................................... ~ 0.10ms
  2025-02-17 10:44:14 /api/question/67b312af8e90fb838b0769b1 ....... ~ 0.11ms
  2025-02-17 10:44:15 /api/question/67b312af8e90fb838b0769b1 ....... ~ 0.09ms
  2025-02-17 10:44:15 /api/question ................................ ~ 0.10ms
  2025-02-17 10:44:15 /api/question ................................ ~ 0.21ms
  2025-02-17 10:44:16 .............................................. ~ 1m 31s
  2025-02-17 10:45:54 /api/user-info ............................... ~ 0.13ms
  2025-02-17 10:45:54 /api/user-info ............................... ~ 0.10ms
  2025-02-17 10:45:54 /api/user-info ............................... ~ 0.06ms
  2025-02-17 10:45:54 /api/user-info ............................... ~ 0.02ms
  2025-02-17 10:45:55 /api/regulator ............................... ~ 0.10ms
  2025-02-17 10:45:55 /api/question ................................ ~ 0.44ms
  2025-02-17 10:45:56 /api/regulator ............................... ~ 0.05ms
  2025-02-17 10:45:56 /api/question ................................ ~ 0.33ms
  2025-02-17 10:45:56 /api/frameworks .............................. ~ 0.10ms
  2025-02-17 10:45:56 /api/frameworks .............................. ~ 0.02ms
  2025-02-17 10:45:56 /api/control ................................. ~ 0.05ms
  2025-02-17 10:45:57 /api/control ................................. ~ 0.08ms
  2025-02-17 10:45:57 /api/user .................................... ~ 0.13ms
  2025-02-17 10:45:58 /api/user .................................... ~ 0.12ms
  2025-02-17 10:45:59 /api/user-info ............................... ~ 0.09ms
  2025-02-17 10:45:59 /api/user-info ............................... ~ 0.13ms
  2025-02-17 10:46:14 /api/user-info ............................. ~ 500.68ms
  2025-02-17 10:46:14 /api/user-info ............................... ~ 0.03ms
  2025-02-17 10:46:15 /api/user-info ............................... ~ 0.50ms
  2025-02-17 10:46:15 /api/user-info ............................... ~ 0.11ms
  2025-02-17 10:46:19 /api/regulator ............................... ~ 0.10ms
  2025-02-17 10:46:19 /api/question ................................ ~ 0.02ms
  2025-02-17 10:46:19 /api/question .............................. ~ 500.50ms
  2025-02-17 10:46:19 /api/regulator ............................. ~ 500.81ms
  2025-02-17 10:46:21 /api/frameworks .............................. ~ 0.13ms
  2025-02-17 10:46:21 /api/frameworks .............................. ~ 0.03ms
  2025-02-17 10:46:21 /api/control ................................. ~ 0.13ms
  2025-02-17 10:46:21 /api/control .................................... ~ 10s
  2025-02-17 10:46:37 /api/user .................................... ~ 0.16ms
  2025-02-17 10:46:37 /api/user .................................... ~ 0.03ms
  2025-02-17 10:47:30 /api/user-info ............................... ~ 0.19ms
  2025-02-17 10:47:30 /api/user-info ............................... ~ 0.12ms
  2025-02-17 10:47:30 /api/user-info ............................... ~ 0.04ms
  2025-02-17 10:47:30 /api/user-info ............................... ~ 0.03ms
  2025-02-17 10:47:31 /api/regulator ............................... ~ 0.07ms
  2025-02-17 10:47:31 /api/question ................................ ~ 0.37ms
  2025-02-17 10:47:32 /api/question ................................ ~ 0.04ms
  2025-02-17 10:47:32 /api/regulator ............................. ~ 500.61ms
  2025-02-17 10:47:32 /api/frameworks .............................. ~ 0.02ms
  2025-02-17 10:47:32 /api/frameworks .............................. ~ 0.02ms
  2025-02-17 10:47:32 /api/control ................................. ~ 0.09ms
  2025-02-17 10:47:32 /api/control ............................... ~ 500.46ms
  2025-02-17 10:47:33 /api/user .................................... ~ 0.03ms
  2025-02-17 10:47:33 /api/user .................................... ~ 0.10ms
  2025-02-17 10:51:29 /api/user-info ............................... ~ 0.47ms
  2025-02-17 10:51:29 /api/user-info ............................... ~ 0.70ms
  2025-02-17 10:51:29 /api/user-info ............................... ~ 0.09ms
  2025-02-17 10:51:29 /api/user-info ............................... ~ 0.02ms
  2025-02-17 10:51:31 /api/question ................................ ~ 0.10ms
  2025-02-17 10:51:31 /api/regulator ............................... ~ 0.43ms
  2025-02-17 10:51:31 /api/regulator ............................... ~ 0.09ms
  2025-02-17 10:51:31 /api/question ................................ ~ 0.26ms
  2025-02-17 10:51:31 /api/frameworks .............................. ~ 0.01ms
  2025-02-17 10:51:31 /api/frameworks .............................. ~ 0.74ms
  2025-02-17 10:51:32 /api/control ................................. ~ 0.02ms
  2025-02-17 10:51:32 /api/control ..................................... ~ 2s
  2025-02-17 10:51:32 /api/user ........................................ ~ 3s
  2025-02-17 10:51:38 /api/user .................................... ~ 0.12ms
  2025-02-17 10:51:38 /api/user .................................. ~ 500.86ms
  2025-02-17 10:51:39 /api/user .................................... ~ 0.10ms
  2025-02-17 10:51:43 /api/question/67b312af8e90fb838b0769b1 ....... ~ 0.12ms
  2025-02-17 10:51:43 /api/question/67b312af8e90fb838b0769b1 ....... ~ 0.02ms
  2025-02-17 10:51:43 /api/question ................................ ~ 0.09ms
  2025-02-17 10:51:43 /api/question ................................ ~ 0.02ms
  2025-02-17 10:51:52 /api/question/67b312af8e90fb838b0769b1 ....... ~ 0.09ms
  2025-02-17 10:51:52 /api/question/67b312af8e90fb838b0769b1 ....... ~ 0.01ms
  2025-02-17 10:51:52 /api/question ................................ ~ 0.10ms
  2025-02-17 10:51:53 /api/question ................................ ~ 0.02ms
  2025-02-17 10:52:22 /api/user-info ............................... ~ 0.16ms
  2025-02-17 10:52:22 /api/user-info ............................... ~ 0.09ms
  2025-02-17 10:52:22 /api/user-info ............................... ~ 0.03ms
  2025-02-17 10:52:23 /api/user-info ............................... ~ 0.01ms
  2025-02-17 10:52:24 /api/regulator ............................... ~ 0.11ms
  2025-02-17 10:52:24 /api/question ................................ ~ 0.37ms
  2025-02-17 10:52:24 /api/regulator ............................... ~ 0.03ms
  2025-02-17 10:52:24 /api/question ................................ ~ 0.24ms
  2025-02-17 10:52:24 /api/frameworks .............................. ~ 0.09ms
  2025-02-17 10:52:24 /api/frameworks .............................. ~ 0.02ms
  2025-02-17 10:52:24 /api/control ................................. ~ 0.11ms
  2025-02-17 10:52:25 /api/control ............................... ~ 500.36ms
  2025-02-17 10:52:25 /api/user .................................... ~ 0.12ms
  2025-02-17 10:52:26 /api/user .................................... ~ 0.03ms
  2025-02-17 10:52:53 /api/user-info ............................... ~ 0.11ms
  2025-02-17 10:52:53 /api/user-info ............................... ~ 0.11ms
  2025-02-17 10:52:53 /api/user-info ............................... ~ 0.02ms
  2025-02-17 10:52:54 /api/user-info ............................... ~ 0.02ms
  2025-02-17 10:52:55 /api/regulator ............................... ~ 0.11ms
  2025-02-17 10:52:55 /api/question ................................ ~ 0.37ms
  2025-02-17 10:52:55 /api/regulator ............................... ~ 0.09ms
  2025-02-17 10:52:55 /api/question ................................ ~ 0.39ms
  2025-02-17 10:52:55 /api/frameworks .............................. ~ 0.02ms
  2025-02-17 10:52:55 /api/frameworks ............................ ~ 500.37ms
  2025-02-17 10:52:55 /api/control ................................. ~ 0.06ms
  2025-02-17 10:52:56 /api/control ............................... ~ 500.43ms
  2025-02-17 10:52:56 /api/user .................................... ~ 0.09ms
  2025-02-17 10:52:56 /api/user .................................... ~ 0.02ms
  2025-02-17 10:53:43 /api/user-info ............................... ~ 0.11ms
  2025-02-17 10:53:44 /api/user-info ............................... ~ 0.02ms
  2025-02-17 10:53:44 /api/user-info ............................... ~ 0.01ms
  2025-02-17 10:53:44 /api/user-info ............................... ~ 0.11ms
  2025-02-17 10:53:45 /api/regulator ............................... ~ 0.14ms
  2025-02-17 10:53:45 /api/question ................................ ~ 0.38ms
  2025-02-17 10:53:45 /api/regulator ............................... ~ 0.02ms
  2025-02-17 10:53:45 /api/question ................................ ~ 0.24ms
  2025-02-17 10:53:45 /api/frameworks .............................. ~ 0.09ms
  2025-02-17 10:53:46 /api/frameworks .............................. ~ 0.02ms
  2025-02-17 10:53:46 /api/control ................................. ~ 0.02ms
  2025-02-17 10:53:46 /api/control ................................. ~ 0.12ms
  2025-02-17 10:53:47 /api/user .................................... ~ 0.09ms
  2025-02-17 10:53:47 /api/user .................................... ~ 0.10ms
  2025-02-17 10:54:02 /api/user-info ............................... ~ 0.10ms
  2025-02-17 10:54:02 /api/user-info ............................. ~ 500.44ms
  2025-02-17 10:54:02 /api/user-info ............................... ~ 0.03ms
  2025-02-17 10:54:02 /api/user-info ............................... ~ 0.03ms
  2025-02-17 10:54:03 /api/regulator ............................... ~ 0.13ms
  2025-02-17 10:54:03 /api/question ................................ ~ 0.02ms
  2025-02-17 10:54:03 /api/regulator ............................... ~ 0.03ms
  2025-02-17 10:54:04 /api/question ................................ ~ 0.11ms
  2025-02-17 10:54:04 /api/frameworks .............................. ~ 0.13ms
  2025-02-17 10:54:05 /api/frameworks .............................. ~ 0.03ms
  2025-02-17 10:54:05 /api/control ................................. ~ 0.02ms
  2025-02-17 10:54:05 /api/control ................................. ~ 0.10ms
  2025-02-17 10:54:06 /api/user .................................... ~ 0.15ms
  2025-02-17 10:54:06 /api/user .................................... ~ 0.03ms
  2025-02-17 10:54:48 /api/user-info ............................... ~ 0.12ms
  2025-02-17 10:54:48 /api/user-info ............................... ~ 0.02ms
  2025-02-17 10:54:48 /api/user-info ............................... ~ 0.10ms
  2025-02-17 10:54:49 /api/user-info ............................... ~ 0.03ms
  2025-02-17 10:54:50 /api/regulator ............................... ~ 0.09ms
  2025-02-17 10:54:50 /api/question ................................ ~ 0.26ms
  2025-02-17 10:54:50 /api/regulator ............................... ~ 0.02ms
  2025-02-17 10:54:50 /api/question ................................ ~ 0.14ms
  2025-02-17 10:54:50 /api/frameworks .............................. ~ 0.09ms
  2025-02-17 10:54:50 /api/frameworks .............................. ~ 0.02ms
  2025-02-17 10:54:50 /api/control ............................... ~ 500.33ms
  2025-02-17 10:54:51 /api/control ................................. ~ 0.02ms
  2025-02-17 10:54:51 /api/user .................................... ~ 0.11ms
  2025-02-17 10:54:51 /api/user .................................... ~ 0.08ms
  2025-02-17 10:55:07 /api/user-info ............................... ~ 0.09ms
  2025-02-17 10:55:07 /api/user-info ............................... ~ 0.11ms
  2025-02-17 10:55:07 /api/user-info ............................... ~ 0.02ms
  2025-02-17 10:55:07 /api/user-info ............................... ~ 0.02ms
  2025-02-17 10:55:08 /api/question ................................ ~ 0.11ms
  2025-02-17 10:55:08 /api/regulator ............................... ~ 0.43ms
  2025-02-17 10:55:08 /api/question ................................ ~ 0.03ms
  2025-02-17 10:55:08 /api/regulator ............................... ~ 0.28ms
  2025-02-17 10:55:08 /api/frameworks .............................. ~ 0.09ms
  2025-02-17 10:55:09 /api/frameworks .............................. ~ 0.02ms
  2025-02-17 10:55:09 /api/control ................................. ~ 0.08ms
  2025-02-17 10:55:09 /api/control ................................. ~ 0.02ms
  2025-02-17 10:55:10 /api/user .................................... ~ 0.12ms
  2025-02-17 10:55:10 /api/user .................................. ~ 500.33ms
  2025-02-17 10:55:23 /api/user-info ............................... ~ 0.09ms
  2025-02-17 10:55:23 /api/user-info ............................... ~ 0.08ms
  2025-02-17 10:55:23 /api/user-info ............................... ~ 0.05ms
  2025-02-17 10:55:23 /api/user-info ............................... ~ 0.10ms
  2025-02-17 10:55:24 /api/question ................................ ~ 0.11ms
  2025-02-17 10:55:24 /api/regulator ............................... ~ 0.46ms
  2025-02-17 10:55:24 /api/regulator ............................... ~ 0.13ms
  2025-02-17 10:55:24 /api/question ................................ ~ 0.43ms
  2025-02-17 10:55:25 /api/frameworks .............................. ~ 0.03ms
  2025-02-17 10:55:25 /api/frameworks .............................. ~ 0.02ms
  2025-02-17 10:55:25 /api/control ................................. ~ 0.11ms
  2025-02-17 10:55:25 /api/control ............................... ~ 500.40ms
  2025-02-17 10:55:26 /api/user .................................... ~ 0.12ms
  2025-02-17 10:55:26 /api/user .................................... ~ 0.02ms
  2025-02-17 10:55:36 /api/user-info ............................... ~ 0.09ms
  2025-02-17 10:55:36 /api/user-info ............................. ~ 500.37ms
  2025-02-17 10:55:36 /api/user-info ............................... ~ 0.05ms
  2025-02-17 10:55:36 /api/user-info ............................... ~ 0.02ms
  2025-02-17 10:55:37 /api/question ................................ ~ 0.12ms
  2025-02-17 10:55:37 /api/regulator ............................... ~ 0.39ms
  2025-02-17 10:55:37 /api/regulator ............................... ~ 0.02ms
  2025-02-17 10:55:37 /api/question ................................ ~ 0.02ms
  2025-02-17 10:55:37 /api/frameworks .............................. ~ 0.08ms
  2025-02-17 10:55:38 /api/frameworks .............................. ~ 0.01ms
  2025-02-17 10:55:38 /api/control ................................. ~ 0.01ms
  2025-02-17 10:55:38 /api/control ................................. ~ 0.12ms
  2025-02-17 10:55:39 /api/user .................................... ~ 0.14ms
  2025-02-17 10:55:39 /api/user .................................... ~ 0.05ms
  2025-02-17 10:55:44 /api/user-info ............................... ~ 0.10ms
  2025-02-17 10:55:45 /api/user-info ............................... ~ 0.08ms
  2025-02-17 10:55:45 /api/user-info ............................... ~ 0.04ms
  2025-02-17 10:55:45 /api/user-info ............................... ~ 0.02ms
  2025-02-17 10:55:46 /api/question ................................ ~ 0.09ms
  2025-02-17 10:55:46 /api/regulator ............................... ~ 0.39ms
  2025-02-17 10:55:46 /api/regulator ............................... ~ 0.04ms
  2025-02-17 10:55:46 /api/question ................................ ~ 0.24ms
  2025-02-17 10:55:46 /api/frameworks .............................. ~ 0.02ms
  2025-02-17 10:55:46 /api/frameworks .............................. ~ 0.11ms
  2025-02-17 10:55:46 /api/control ................................. ~ 0.02ms
  2025-02-17 10:55:46 /api/control ................................. ~ 0.11ms
  2025-02-17 10:55:47 /api/user .................................... ~ 0.08ms
  2025-02-17 10:55:47 /api/user .................................... ~ 0.11ms
  2025-02-17 10:56:23 /api/user-info ............................... ~ 0.08ms
  2025-02-17 10:56:23 /api/user-info ............................... ~ 0.02ms
  2025-02-17 10:56:23 /api/user-info ............................... ~ 0.10ms
  2025-02-17 10:56:23 /api/user-info ............................... ~ 0.02ms
  2025-02-17 10:56:24 /api/regulator ............................... ~ 0.13ms
  2025-02-17 10:56:24 /api/question ................................ ~ 0.50ms
  2025-02-17 10:56:24 /api/regulator ............................... ~ 0.04ms
  2025-02-17 10:56:24 /api/question ................................ ~ 0.23ms
  2025-02-17 10:56:24 /api/frameworks .............................. ~ 0.10ms
  2025-02-17 10:56:25 /api/frameworks .............................. ~ 0.03ms
  2025-02-17 10:56:25 /api/control ................................. ~ 0.02ms
  2025-02-17 10:56:25 /api/control ................................. ~ 0.09ms
  2025-02-17 10:56:26 /api/user .................................... ~ 0.09ms
  2025-02-17 10:56:26 /api/user .................................. ~ 500.40ms
  2025-02-17 10:56:47 /api/user-info ............................... ~ 0.11ms
  2025-02-17 10:56:47 /api/user-info ............................... ~ 0.02ms
  2025-02-17 10:56:47 /api/user-info ............................... ~ 0.01ms
  2025-02-17 10:56:48 /api/user-info ............................... ~ 0.09ms
  2025-02-17 10:56:48 /api/question ................................ ~ 0.07ms
  2025-02-17 10:56:48 /api/regulator ............................... ~ 0.30ms
  2025-02-17 10:56:48 /api/regulator ............................... ~ 0.01ms
  2025-02-17 10:56:48 /api/question .............................. ~ 500.53ms
  2025-02-17 10:56:49 /api/frameworks .............................. ~ 0.02ms
  2025-02-17 10:56:49 /api/frameworks .............................. ~ 0.02ms
  2025-02-17 10:56:49 /api/control ................................. ~ 0.13ms
  2025-02-17 10:56:49 /api/control ............................... ~ 500.43ms
  2025-02-17 10:56:50 /api/user .................................... ~ 0.09ms
  2025-02-17 10:56:50 /api/user .................................... ~ 0.02ms
  2025-02-17 10:57:19 /api/user-info ............................... ~ 0.11ms
  2025-02-17 10:57:19 /api/user-info ............................... ~ 0.04ms
  2025-02-17 10:57:19 /api/user-info ............................... ~ 0.08ms
  2025-02-17 10:57:19 /api/user-info ............................... ~ 0.02ms
  2025-02-17 10:57:20 /api/question ................................ ~ 0.12ms
  2025-02-17 10:57:20 /api/regulator ............................... ~ 0.39ms
  2025-02-17 10:57:21 /api/question ................................ ~ 0.10ms
  2025-02-17 10:57:21 /api/regulator ............................... ~ 0.30ms
  2025-02-17 10:57:21 /api/frameworks .............................. ~ 0.02ms
  2025-02-17 10:57:21 /api/frameworks .............................. ~ 0.09ms
  2025-02-17 10:57:21 /api/control ................................. ~ 0.01ms
  2025-02-17 10:57:21 /api/control ............................... ~ 500.43ms
  2025-02-17 10:57:22 /api/user .................................... ~ 0.08ms
  2025-02-17 10:57:22 /api/user .................................... ~ 0.02ms
  2025-02-17 10:57:28 /api/user .................................... ~ 0.10ms
  2025-02-17 10:57:29 /api/user .................................... ~ 0.19ms
  2025-02-17 10:57:34 /api/question/67b312af8e90fb838b0769b1 ....... ~ 0.11ms
  2025-02-17 10:57:34 /api/question/67b312af8e90fb838b0769b1 ....... ~ 0.09ms
  2025-02-17 10:57:34 /api/question ................................ ~ 0.02ms
  2025-02-17 10:57:34 /api/question ................................ ~ 0.03ms
  2025-02-17 10:57:38 /api/user .................................... ~ 0.10ms
  2025-02-17 10:57:38 /api/user .................................... ~ 0.04ms
  2025-02-17 10:57:43 /api/user .................................... ~ 0.12ms
  2025-02-17 10:57:44 /api/user .................................... ~ 0.08ms
  2025-02-17 10:57:47 /api/question/67b312af8e90fb838b0769b1 ....... ~ 0.09ms
  2025-02-17 10:57:47 /api/question/67b312af8e90fb838b0769b1 ....... ~ 0.02ms
  2025-02-17 10:57:47 /api/question ................................ ~ 0.09ms
  2025-02-17 10:57:48 /api/question ................................ ~ 0.02ms
  2025-02-17 10:58:02 /api/user-info ............................... ~ 0.50ms
  2025-02-17 10:58:02 /api/user-info ............................... ~ 0.03ms
  2025-02-17 10:58:02 /api/user-info ............................... ~ 0.24ms
  2025-02-17 10:58:02 /api/user-info ............................... ~ 0.03ms
  2025-02-17 10:58:39 /api/user-info ............................... ~ 0.11ms
  2025-02-17 10:58:39 /api/user-info ............................... ~ 0.10ms
  2025-02-17 10:58:39 /api/user-info ............................... ~ 0.02ms
  2025-02-17 10:58:39 /api/user-info ............................... ~ 0.03ms
  2025-02-17 10:58:41 /api/regulator ............................... ~ 0.11ms
  2025-02-17 10:58:41 /api/question ................................ ~ 0.35ms
  2025-02-17 10:58:41 /api/regulator ............................. ~ 500.46ms
  2025-02-17 10:58:41 /api/question .............................. ~ 500.73ms
  2025-02-17 10:58:41 /api/frameworks .............................. ~ 0.02ms
  2025-02-17 10:58:41 /api/frameworks .............................. ~ 0.02ms
  2025-02-17 10:58:42 /api/control ................................. ~ 0.10ms
  2025-02-17 10:58:42 /api/control ............................... ~ 500.34ms
  2025-02-17 10:58:43 /api/user .................................... ~ 0.14ms
  2025-02-17 10:58:43 /api/user .................................... ~ 0.02ms
  2025-02-17 10:58:57 /api/question ................................ ~ 0.08ms
  2025-02-17 10:58:57 /api/question ................................ ~ 0.03ms
  2025-02-17 10:59:03 /api/question/67b312af8e90fb838b0769b1 ....... ~ 0.11ms
  2025-02-17 10:59:03 /api/question/67b312af8e90fb838b0769b1 ....... ~ 0.11ms
  2025-02-17 10:59:03 /api/question ................................ ~ 0.02ms
  2025-02-17 10:59:04 /api/question ................................ ~ 0.09ms
  2025-02-17 10:59:04 /api/user-info ................................... ~ 3s
  2025-02-17 10:59:07 /api/user-info ............................... ~ 0.11ms
  2025-02-17 10:59:08 /api/user-info ............................. ~ 500.40ms
  2025-02-17 10:59:09 /api/user-info ............................... ~ 0.08ms
  2025-02-17 10:59:09 /api/regulator ................................... ~ 1s
  2025-02-17 10:59:10 /api/question ................................ ~ 0.02ms
  2025-02-17 10:59:11 /api/regulator ............................... ~ 0.09ms
  2025-02-17 10:59:11 /api/question ................................ ~ 0.04ms
  2025-02-17 10:59:12 /api/frameworks .............................. ~ 0.10ms
  2025-02-17 10:59:12 /api/frameworks .............................. ~ 0.02ms
  2025-02-17 10:59:12 /api/control ................................. ~ 0.11ms
  2025-02-17 10:59:12 /api/control ............................... ~ 500.33ms
  2025-02-17 10:59:13 /api/user .................................... ~ 0.11ms
  2025-02-17 10:59:14 /api/user .................................... ~ 0.12ms
  2025-02-17 10:59:17 /api/user .................................... ~ 0.10ms
  2025-02-17 10:59:17 /api/user .................................... ~ 0.10ms
  2025-02-17 10:59:18 /api/user-info .................................. ~ 51s
  2025-02-17 11:00:10 /api/user-info ............................... ~ 0.10ms
  2025-02-17 11:00:10 /api/user-info ............................... ~ 0.02ms
  2025-02-17 11:00:10 /api/user-info ............................... ~ 0.12ms
  2025-02-17 11:00:11 /api/question ................................ ~ 0.11ms
  2025-02-17 11:00:11 /api/regulator ............................... ~ 0.75ms
  2025-02-17 11:00:12 /api/regulator ............................... ~ 0.19ms
  2025-02-17 11:00:12 /api/question ................................ ~ 0.41ms
  2025-02-17 11:00:12 /api/frameworks .............................. ~ 0.02ms
  2025-02-17 11:00:12 /api/frameworks .............................. ~ 0.12ms
  2025-02-17 11:00:12 /api/control ................................. ~ 0.03ms
  2025-02-17 11:00:13 /api/control ............................... ~ 500.46ms
  2025-02-17 11:00:13 /api/user .................................... ~ 0.12ms
  2025-02-17 11:00:13 /api/user .................................... ~ 0.03ms
  2025-02-17 11:00:15 /api/user .................................... ~ 0.15ms
  2025-02-17 11:00:15 /api/user .................................... ~ 0.03ms
  2025-02-17 11:00:25 /api/user .................................... ~ 0.09ms
  2025-02-17 11:00:26 /api/user .................................... ~ 0.09ms
  2025-02-17 11:00:28 /api/user .................................... ~ 0.13ms
  2025-02-17 11:00:29 /api/user .................................... ~ 0.08ms
  2025-02-17 11:00:32 /api/user .................................... ~ 0.12ms
  2025-02-17 11:00:32 /api/user .................................... ~ 0.04ms
  2025-02-17 11:00:34 /api/question/67b312af8e90fb838b0769b1 ....... ~ 0.11ms
  2025-02-17 11:00:34 /api/question/67b312af8e90fb838b0769b1 ....... ~ 0.02ms
  2025-02-17 11:00:34 /api/question ................................ ~ 0.02ms
  2025-02-17 11:00:35 /api/question ................................ ~ 0.11ms
  2025-02-17 11:00:38 /api/user .................................... ~ 0.09ms
  2025-02-17 11:00:38 /api/user .................................... ~ 0.02ms
  2025-02-17 11:00:43 /api/question/67b312af8e90fb838b0769b1 ....... ~ 0.08ms
  2025-02-17 11:00:43 /api/question/67b312af8e90fb838b0769b1 ....... ~ 0.09ms
  2025-02-17 11:00:43 /api/question ................................ ~ 0.02ms
  2025-02-17 11:00:43 /api/question ................................ ~ 0.03ms
  2025-02-17 11:00:53 /api/question/67b312af8e90fb838b0769b1 ....... ~ 0.12ms
  2025-02-17 11:00:54 /api/question/67b312af8e90fb838b0769b1 ....... ~ 0.11ms
  2025-02-17 11:00:54 /api/question ................................ ~ 0.03ms
  2025-02-17 11:00:54 /api/question ................................ ~ 0.02ms
  2025-02-17 11:02:19 /api/user-info ............................... ~ 0.16ms
  2025-02-17 11:02:19 /api/user-info ............................... ~ 0.10ms
  2025-02-17 11:02:19 /api/user-info ............................... ~ 0.02ms
  2025-02-17 11:02:20 /api/user-info ............................... ~ 0.02ms
  2025-02-17 11:02:21 /api/regulator ............................... ~ 0.12ms
  2025-02-17 11:02:21 /api/question ................................ ~ 0.44ms
  2025-02-17 11:02:21 /api/regulator ............................... ~ 0.03ms
  2025-02-17 11:02:21 /api/question ................................ ~ 0.17ms
  2025-02-17 11:02:21 /api/frameworks .............................. ~ 0.02ms
  2025-02-17 11:02:21 /api/frameworks .............................. ~ 0.11ms
  2025-02-17 11:02:21 /api/control ................................. ~ 0.03ms
  2025-02-17 11:02:22 /api/control ............................... ~ 500.32ms
  2025-02-17 11:02:22 /api/user .................................... ~ 0.13ms
  2025-02-17 11:02:22 /api/user .................................... ~ 0.03ms
  2025-02-17 11:02:25 /api/question/67b312af8e90fb838b0769b1 ....... ~ 0.10ms
  2025-02-17 11:02:25 /api/question/67b312af8e90fb838b0769b1 ....... ~ 0.02ms
  2025-02-17 11:02:26 /api/question ................................ ~ 0.09ms
  2025-02-17 11:02:26 /api/question ................................ ~ 0.02ms
  2025-02-17 11:02:46 /api/question/67b312af8e90fb838b0769b1 ....... ~ 0.10ms
  2025-02-17 11:02:46 /api/question/67b312af8e90fb838b0769b1 ....... ~ 0.10ms
  2025-02-17 11:02:46 /api/question ................................ ~ 0.04ms
  2025-02-17 11:02:46 /api/question ................................ ~ 0.11ms
  2025-02-17 11:04:05 /api/question/67b312af8e90fb838b0769b1 ....... ~ 0.10ms
  2025-02-17 11:04:05 /api/question/67b312af8e90fb838b0769b1 ....... ~ 0.02ms
  2025-02-17 11:04:05 /api/question ................................ ~ 0.11ms
  2025-02-17 11:04:05 /api/question ................................ ~ 0.03ms
  2025-02-17 11:04:16 /api/question/67b312af8e90fb838b0769b1 ....... ~ 0.09ms
  2025-02-17 11:04:16 /api/question/67b312af8e90fb838b0769b1 ....... ~ 0.11ms
  2025-02-17 11:04:17 /api/question ................................ ~ 0.02ms
  2025-02-17 11:04:17 /api/question ................................ ~ 0.12ms
  2025-02-17 11:04:44 /api/user-info ............................... ~ 0.11ms
  2025-02-17 11:04:44 /api/user-info ............................... ~ 0.12ms
  2025-02-17 11:04:45 /api/user-info ............................... ~ 0.03ms
  2025-02-17 11:04:45 /api/user-info ............................... ~ 0.09ms
  2025-02-17 11:04:46 /api/question ................................ ~ 0.09ms
  2025-02-17 11:04:46 /api/regulator ............................... ~ 0.28ms
  2025-02-17 11:04:46 /api/question ................................ ~ 0.11ms
  2025-02-17 11:04:46 /api/regulator ............................... ~ 0.43ms
  2025-02-17 11:04:47 /api/frameworks .............................. ~ 0.02ms
  2025-02-17 11:04:47 /api/frameworks .............................. ~ 0.11ms
  2025-02-17 11:04:47 /api/control ................................. ~ 0.02ms
  2025-02-17 11:04:47 /api/control ............................... ~ 500.37ms
  2025-02-17 11:04:48 /api/user .................................... ~ 0.11ms
  2025-02-17 11:04:48 /api/user .................................... ~ 0.11ms
  2025-02-17 11:04:53 /api/question/67b312af8e90fb838b0769b1 ....... ~ 0.11ms
  2025-02-17 11:04:53 /api/question/67b312af8e90fb838b0769b1 ....... ~ 0.05ms
  2025-02-17 11:04:53 /api/question ................................ ~ 0.01ms
  2025-02-17 11:04:53 /api/question ................................ ~ 0.09ms
  2025-02-17 11:05:08 /api/question/67b312af8e90fb838b0769b1 ....... ~ 0.10ms
  2025-02-17 11:05:08 /api/question/67b312af8e90fb838b0769b1 ....... ~ 0.03ms
  2025-02-17 11:05:08 /api/question ................................ ~ 0.03ms
  2025-02-17 11:05:08 /api/question ................................ ~ 0.12ms
  2025-02-17 11:05:17 /api/user-info ............................... ~ 0.22ms
  2025-02-17 11:05:17 /api/user-info ............................... ~ 0.03ms
  2025-02-17 11:05:18 /api/user-info ............................... ~ 0.14ms
  2025-02-17 11:05:18 /api/user-info ............................... ~ 0.10ms
  2025-02-17 11:05:19 /api/assessment-template ..................... ~ 0.11ms
  2025-02-17 11:05:19 /api/assessment-template ..................... ~ 0.09ms
  2025-02-17 11:05:37 /api/assessment-template ..................... ~ 0.11ms
  2025-02-17 11:05:37 /api/assessment-template ..................... ~ 0.11ms
  2025-02-17 11:05:41 /api/assessment-template ..................... ~ 0.09ms
  2025-02-17 11:05:41 /api/assessment-template ................... ~ 500.45ms
  2025-02-17 11:05:41 /api/assessment-template ..................... ~ 0.03ms
  2025-02-17 11:05:41 /api/assessment-template ..................... ~ 0.29ms
  2025-02-17 11:05:42 /api/assessment-template ..................... ~ 0.02ms
  2025-02-17 11:05:42 /api/assessment-template ..................... ~ 0.17ms
  2025-02-17 11:05:43 /api/user-info ............................... ~ 0.09ms
  2025-02-17 11:05:44 /api/user-info ............................... ~ 0.02ms
  2025-02-17 11:05:44 /api/question ................................ ~ 0.12ms
  2025-02-17 11:05:44 /api/question ................................ ~ 0.38ms
  2025-02-17 11:05:44 /api/question ................................ ~ 0.12ms
  2025-02-17 11:05:44 /api/question ................................ ~ 0.40ms
  2025-02-17 11:05:49 /api/assessment-template/67b318058e90fb838b0769b2  ~ 0.17ms
  2025-02-17 11:05:49 /api/assessment-template/67b318058e90fb838b0769b2  ~ 0.04ms
  2025-02-17 11:05:49 /api/question ................................ ~ 0.14ms
  2025-02-17 11:05:50 /api/question ................................ ~ 0.04ms
  2025-02-17 11:06:07 /api/user-info ............................... ~ 0.13ms
  2025-02-17 11:06:07 /api/user-info ............................... ~ 0.11ms
  2025-02-17 11:06:08 /api/user-info ............................... ~ 0.02ms
  2025-02-17 11:06:08 /api/user-info ............................... ~ 0.09ms
  2025-02-17 11:06:09 /api/assessment-template ..................... ~ 0.12ms
  2025-02-17 11:06:09 /api/assessment .............................. ~ 0.36ms
  2025-02-17 11:06:09 /api/assessment-template ..................... ~ 0.12ms
  2025-02-17 11:06:09 /api/assessment .............................. ~ 0.33ms
  2025-02-17 11:06:10 /api/user .................................... ~ 0.02ms
  2025-02-17 11:06:10 /api/user .................................... ~ 0.09ms
  2025-02-17 11:06:10 /api/question ................................ ~ 0.02ms
  2025-02-17 11:06:10 /api/question ................................ ~ 0.04ms
  2025-02-17 11:06:11 /api/assessment .............................. ~ 0.09ms
  2025-02-17 11:06:11 /api/assessment .............................. ~ 0.02ms
  2025-02-17 11:06:21 /api/user-info ............................... ~ 0.09ms
  2025-02-17 11:06:21 /api/user-info ............................... ~ 0.11ms
  2025-02-17 11:06:22 /api/user-info ............................... ~ 0.03ms
  2025-02-17 11:06:22 /api/user-info ............................... ~ 0.03ms
  2025-02-17 11:06:23 /api/user-info ............................... ~ 0.09ms
  2025-02-17 11:06:23 /api/user-info ............................... ~ 0.10ms
  2025-02-17 11:06:23 /api/user-info ............................... ~ 0.02ms
  2025-02-17 11:06:23 /api/user-info ............................... ~ 0.08ms
  2025-02-17 11:06:26 /api/department .............................. ~ 0.12ms
  2025-02-17 11:06:26 /api/user .................................... ~ 1.10ms
  2025-02-17 11:06:26 /api/user .................................... ~ 1.39ms
  2025-02-17 11:06:26 /api/team .................................... ~ 1.65ms
  2025-02-17 11:06:26 /api/user .................................... ~ 0.04ms
  2025-02-17 11:06:26 /api/team .................................... ~ 0.27ms
  2025-02-17 11:06:26 /api/department .............................. ~ 0.54ms
  2025-02-17 11:06:26 /api/user .................................... ~ 0.72ms
  2025-02-17 11:07:13 /api/user-info ............................... ~ 0.16ms
  2025-02-17 11:07:14 /api/user-info ............................... ~ 0.03ms
  2025-02-17 11:07:14 /api/user-info ............................... ~ 0.02ms
  2025-02-17 11:07:14 /api/user-info ............................... ~ 0.09ms
  2025-02-17 11:07:15 /api/assessment .............................. ~ 0.12ms
  2025-02-17 11:07:15 /api/assessment-template ..................... ~ 0.36ms
  2025-02-17 11:07:15 /api/assessment-template ..................... ~ 0.03ms
  2025-02-17 11:07:15 /api/assessment .............................. ~ 0.28ms
  2025-02-17 11:07:16 /api/user .................................... ~ 0.04ms
  2025-02-17 11:07:16 /api/user .................................... ~ 0.13ms
  2025-02-17 11:07:16 /api/question ................................ ~ 0.02ms
  2025-02-17 11:07:16 /api/question ................................ ~ 0.10ms
  2025-02-17 11:07:19 /api/assessment .............................. ~ 0.11ms
  2025-02-17 11:07:19 /api/assessment .............................. ~ 0.03ms
  2025-02-17 11:08:14 /api/user .................................... ~ 0.12ms
  2025-02-17 11:08:14 /api/user .................................. ~ 500.43ms
  2025-02-17 11:08:14 /api/user .................................... ~ 0.03ms
  2025-02-17 11:08:14 /api/user .................................... ~ 0.11ms
  2025-02-17 11:20:08 /api/user-info ............................... ~ 0.15ms
  2025-02-17 11:20:08 /api/user-info ............................... ~ 0.03ms
  2025-02-17 11:20:08 /api/user-info ............................... ~ 0.03ms
  2025-02-17 11:20:09 /api/user-info ............................... ~ 0.10ms
  2025-02-17 11:20:10 /api/assessment-template ..................... ~ 0.14ms
  2025-02-17 11:20:10 /api/assessment .............................. ~ 0.35ms
  2025-02-17 11:20:10 /api/assessment ............................ ~ 500.43ms
  2025-02-17 11:20:10 /api/assessment-template ................... ~ 500.69ms
  2025-02-17 11:20:10 /api/user .................................... ~ 0.03ms
  2025-02-17 11:20:11 /api/user .................................... ~ 0.02ms
  2025-02-17 11:20:11 /api/question ................................ ~ 0.10ms
  2025-02-17 11:20:11 /api/question ................................ ~ 0.04ms
  2025-02-17 11:20:12 /api/user-info ............................... ~ 0.12ms
  2025-02-17 11:20:12 /api/user-info ............................... ~ 0.08ms
  2025-02-17 11:20:13 /api/user-info ............................... ~ 0.02ms
  2025-02-17 11:20:13 /api/user-info ............................... ~ 0.13ms
  2025-02-17 11:20:14 /api/regulator ............................... ~ 0.10ms
  2025-02-17 11:20:14 /api/question .............................. ~ 500.73ms
  2025-02-17 11:20:14 /api/question ................................ ~ 0.06ms
  2025-02-17 11:20:14 /api/regulator ............................... ~ 0.27ms
  2025-02-17 11:20:14 /api/frameworks .............................. ~ 0.02ms
  2025-02-17 11:20:14 /api/frameworks .............................. ~ 0.14ms
  2025-02-17 11:20:14 /api/control ................................. ~ 0.04ms
  2025-02-17 11:20:15 /api/control ............................... ~ 500.38ms
  2025-02-17 11:20:15 /api/user .................................... ~ 0.11ms
  2025-02-17 11:20:16 /api/user .................................... ~ 0.03ms
  2025-02-17 11:39:58 / ............................................ ~ 0.12ms
  2025-02-17 13:42:51 /api/question ................................ ~ 0.56ms
  2025-02-17 13:42:51 /api/question ................................ ~ 1.27ms
  2025-02-17 13:43:02 /api/question ................................ ~ 0.11ms
  2025-02-17 13:43:02 /api/question ................................ ~ 0.25ms
  2025-02-17 13:43:11 /api/user .................................... ~ 0.10ms
  2025-02-17 13:43:11 /api/user .................................. ~ 500.38ms
  2025-02-17 13:43:17 /api/question ................................ ~ 0.11ms
  2025-02-17 13:43:17 /api/question ................................ ~ 0.02ms
  2025-02-17 13:43:35 /api/question ................................ ~ 0.08ms
  2025-02-17 13:43:35 /api/question ................................ ~ 0.02ms
  2025-02-17 15:17:12 / ............................................ ~ 0.82ms
PHP Warning:  Module "gmp" is already loaded in Unknown on line 0
  PHP Warning:  Module "gmp" is already loaded in Unknown on line 0

   INFO  Server running on [http://0.0.0.0:8888].  

  Press Ctrl+C to stop the server

  2025-02-19 10:50:37 /api/permission ............................ ~ 500.45ms
  2025-02-19 10:50:58 /api/permission .............................. ~ 0.09ms
  2025-02-19 10:52:16 /api/permission ............................ ~ 500.41ms
  2025-02-19 10:52:48 /api/permission .............................. ~ 0.09ms
  2025-02-19 11:04:25 /api/permission ............................ ~ 500.40ms
  2025-02-19 11:04:53 /api/permission .............................. ~ 0.13ms
  2025-02-19 11:05:40 /api/permission .............................. ~ 0.13ms
  2025-02-19 11:06:49 /api/permission .............................. ~ 0.14ms
  2025-02-19 11:07:23 /api/permission .............................. ~ 0.10ms
  2025-02-19 11:09:05 /api/permission .............................. ~ 0.12ms
  2025-02-19 11:10:42 /api/permission .............................. ~ 0.12ms
  2025-02-19 11:11:05 /api/permission .............................. ~ 0.14ms
  2025-02-19 11:11:44 /api/permission ............................ ~ 500.43ms
  2025-02-19 11:12:14 /api/permission .............................. ~ 0.12ms
  2025-02-19 11:12:18 /api/permission .............................. ~ 0.11ms
  2025-02-19 12:08:16 /api/permission .............................. ~ 0.25ms
  2025-02-19 12:08:17 /api/user-info ............................... ~ 0.12ms
  2025-02-19 12:08:17 /api/user-info ............................... ~ 0.61ms
  2025-02-19 12:08:19 /api/user-info ............................... ~ 0.16ms
  2025-02-19 12:08:19 /api/user-info ............................... ~ 0.36ms
  2025-02-19 12:08:19 /api/user-info ............................. ~ 501.06ms
  2025-02-19 12:08:20 /api/user-info ............................... ~ 0.11ms
  2025-02-19 12:08:21 /api/user-info ............................... ~ 0.21ms
  2025-02-19 12:08:21 /api/user ........................................ ~ 1s
  2025-02-19 12:08:22 /api/regulator ............................... ~ 0.11ms
  2025-02-19 12:08:23 /api/user .................................... ~ 0.14ms
  2025-02-19 12:08:23 /api/regulator ............................... ~ 0.14ms
  2025-02-19 12:08:24 /api/frameworks .............................. ~ 0.05ms
  2025-02-19 12:08:25 /api/frameworks .............................. ~ 0.08ms
  2025-02-19 12:08:25 /api/domain ................................ ~ 500.76ms
  2025-02-19 12:08:27 /api/domain .................................. ~ 0.29ms
  2025-02-19 12:08:27 /api/regulator ................................... ~ 1s
  2025-02-19 12:08:29 /api/regulator ............................... ~ 0.15ms
  2025-02-19 12:08:29 /api/user-info .................................. ~ 27s
  2025-02-19 12:08:58 /api/user-info ............................... ~ 0.12ms
  2025-02-19 12:08:58 /api/user-info ............................... ~ 0.12ms
  2025-02-19 12:08:59 /api/user-info ............................. ~ 500.44ms
  2025-02-19 12:08:59 /api/user-info ............................... ~ 0.14ms
  2025-02-19 12:09:00 /api/regulator ............................... ~ 0.12ms
  2025-02-19 12:09:00 /api/user .................................... ~ 0.39ms
  2025-02-19 12:09:01 /api/user .................................... ~ 0.04ms
  2025-02-19 12:09:01 /api/regulator ............................... ~ 0.11ms
  2025-02-19 12:09:02 /api/frameworks .............................. ~ 0.11ms
  2025-02-19 12:09:03 /api/frameworks .............................. ~ 1.22ms
  2025-02-19 12:09:03 /api/domain .................................. ~ 1.53ms
  2025-02-19 12:09:03 /api/domain ................................ ~ 504.27ms
  2025-02-19 12:09:04 /api/regulator ............................... ~ 0.12ms
  2025-02-19 12:09:04 /api/regulator ............................... ~ 0.03ms
  2025-02-19 12:12:13 /api/user-info ............................... ~ 0.15ms
  2025-02-19 12:12:13 /api/user-info ............................... ~ 0.03ms
  2025-02-19 12:12:14 /api/user-info ............................... ~ 0.14ms
  2025-02-19 12:12:14 /api/user-info ............................... ~ 0.39ms
  2025-02-19 12:12:15 /api/user .................................... ~ 0.13ms
  2025-02-19 12:12:15 /api/regulator ............................... ~ 0.17ms
  2025-02-19 12:12:16 /api/user .................................... ~ 0.17ms
  2025-02-19 12:12:16 /api/regulator ............................... ~ 0.58ms
  2025-02-19 12:12:16 /api/frameworks ............................ ~ 501.25ms
  2025-02-19 12:12:17 /api/frameworks .............................. ~ 0.09ms
  2025-02-19 12:12:17 /api/domain ................................ ~ 500.70ms
  2025-02-19 12:12:18 /api/domain .................................. ~ 0.14ms
  2025-02-19 12:12:19 /api/regulator ................................... ~ 1s
  2025-02-19 12:12:20 /api/regulator ............................... ~ 0.14ms
  2025-02-19 12:12:20 .................................................. ~ 4s
  2025-02-19 12:12:37 /api/user-info ............................... ~ 0.12ms
  2025-02-19 12:12:37 /api/user-info ............................... ~ 0.43ms
  2025-02-19 12:12:38 /api/user-info ............................... ~ 0.11ms
  2025-02-19 12:12:39 /api/user-info ............................... ~ 0.11ms
  2025-02-19 12:12:40 /api/user .................................... ~ 0.09ms
  2025-02-19 12:12:40 /api/regulator ............................... ~ 0.35ms
  2025-02-19 12:12:40 /api/regulator ............................. ~ 501.05ms
  2025-02-19 12:12:41 /api/user .................................... ~ 0.03ms
  2025-02-19 12:12:41 /api/frameworks .............................. ~ 0.16ms
  2025-02-19 12:12:42 /api/frameworks .............................. ~ 0.10ms
  2025-02-19 12:12:43 /api/domain .................................. ~ 0.11ms
  2025-02-19 12:12:43 /api/domain ................................ ~ 501.60ms
  2025-02-19 12:12:44 /api/regulator ............................... ~ 0.10ms
  2025-02-19 12:12:44 /api/regulator ............................. ~ 500.74ms
  2025-02-19 12:20:55 /api/user-info ............................... ~ 0.12ms
  2025-02-19 12:20:56 /api/user-info ............................... ~ 0.11ms
  2025-02-19 12:20:56 /api/user-info ............................... ~ 0.38ms
  2025-02-19 12:20:56 /api/user-info ............................... ~ 0.12ms
  2025-02-19 12:20:57 /api/user .................................... ~ 0.13ms
  2025-02-19 12:20:57 /api/regulator ............................... ~ 0.40ms
  2025-02-19 12:20:57 /api/regulator ............................. ~ 500.98ms
  2025-02-19 12:20:58 /api/user .................................... ~ 0.04ms
  2025-02-19 12:20:59 /api/frameworks .............................. ~ 0.11ms
  2025-02-19 12:20:59 /api/frameworks ............................ ~ 500.82ms
  2025-02-19 12:21:00 /api/domain .................................. ~ 0.17ms
  2025-02-19 12:21:00 /api/domain ................................ ~ 501.06ms
  2025-02-19 12:21:01 /api/regulator ............................... ~ 0.13ms
  2025-02-19 12:21:01 /api/regulator ............................... ~ 0.48ms
  2025-02-19 12:22:16 /api/user-info ............................... ~ 0.11ms
  2025-02-19 12:22:16 /api/user-info ............................... ~ 0.10ms
  2025-02-19 12:22:17 /api/user-info ............................... ~ 0.04ms
  2025-02-19 12:22:18 /api/user-info ............................... ~ 0.16ms
  2025-02-19 12:22:18 /api/user .................................. ~ 500.84ms
  2025-02-19 12:22:19 /api/regulator ............................... ~ 0.11ms
  2025-02-19 12:22:19 /api/user .................................... ~ 0.02ms
  2025-02-19 12:22:19 /api/regulator ............................... ~ 0.03ms
  2025-02-19 12:22:19 /api/frameworks .............................. ~ 0.10ms
  2025-02-19 12:22:20 /api/frameworks .............................. ~ 0.11ms
  2025-02-19 12:22:20 /api/domain .................................. ~ 0.13ms
  2025-02-19 12:22:21 /api/domain .................................. ~ 0.11ms
  2025-02-19 12:22:21 /api/regulator ............................... ~ 0.44ms
  2025-02-19 12:22:22 /api/regulator ............................... ~ 0.10ms
  2025-02-19 12:22:23 /api/user ........................................ ~ 2s
  2025-02-19 12:22:25 /api/regulator ............................... ~ 0.14ms
  2025-02-19 12:22:26 /api/user .................................... ~ 0.10ms
  2025-02-19 12:22:26 /api/regulator ............................... ~ 0.02ms
  2025-02-19 12:22:26 /api/frameworks .............................. ~ 0.13ms
  2025-02-19 12:22:27 /api/user-info ............................. ~ 500.56ms
  2025-02-19 12:22:29 /api/user-info ............................. ~ 500.47ms
  2025-02-19 12:22:31 /api/user-info ............................... ~ 0.12ms
  2025-02-19 12:22:31 /api/user-info ............................... ~ 0.12ms
  2025-02-19 12:22:32 /api/user .................................... ~ 0.11ms
  2025-02-19 12:22:33 /api/regulator ............................... ~ 0.10ms
  2025-02-19 12:22:33 /api/user .................................... ~ 0.02ms
  2025-02-19 12:22:33 /api/regulator ............................... ~ 0.13ms
  2025-02-19 12:22:33 /api/frameworks .............................. ~ 0.02ms
  2025-02-19 12:22:34 /api/frameworks .............................. ~ 0.12ms
  2025-02-19 12:22:34 /api/domain .................................. ~ 0.15ms
  2025-02-19 12:22:34 /api/domain ................................ ~ 502.64ms
  2025-02-19 12:22:39 /api/user-info ............................... ~ 0.15ms
  2025-02-19 12:22:39 /api/user-info ............................... ~ 0.02ms
  2025-02-19 12:22:41 /api/user-info ............................... ~ 0.12ms
  2025-02-19 12:22:41 /api/user-info ............................... ~ 0.35ms
  2025-02-19 12:22:42 /api/regulator ............................. ~ 500.51ms
  2025-02-19 12:22:42 /api/user .................................... ~ 0.33ms
  2025-02-19 12:22:42 /api/regulator ............................... ~ 0.51ms
  2025-02-19 12:22:43 /api/user .................................... ~ 0.18ms
  2025-02-19 12:22:44 /api/frameworks .............................. ~ 0.16ms
  2025-02-19 12:22:44 /api/frameworks .................................. ~ 1s
  2025-02-19 12:22:46 /api/domain .................................. ~ 0.10ms
  2025-02-19 12:22:46 /api/domain ...................................... ~ 1s
  2025-02-19 12:22:50 /api/regulator ............................... ~ 0.12ms
  2025-02-19 12:22:50 /api/regulator ............................... ~ 0.14ms
  2025-02-19 12:23:38 /api/user .................................... ~ 0.10ms
  2025-02-19 12:23:38 /api/regulator ............................... ~ 0.39ms
  2025-02-19 12:23:38 /api/regulator ............................... ~ 0.13ms
  2025-02-19 12:23:38 /api/user .................................... ~ 0.45ms
  2025-02-19 12:23:39 /api/frameworks .............................. ~ 0.13ms
  2025-02-19 12:23:39 /api/frameworks .............................. ~ 0.14ms
  2025-02-19 12:23:40 /api/domain .................................. ~ 0.14ms
  2025-02-19 12:23:41 /api/domain .................................. ~ 0.13ms
  2025-02-19 12:23:41 /api/user .................................... ~ 0.11ms
  2025-02-19 12:23:41 /api/regulator ............................... ~ 0.36ms
  2025-02-19 12:23:42 /api/regulator ............................... ~ 0.15ms
  2025-02-19 12:23:43 /api/regulator ............................... ~ 1.45ms
  2025-02-19 12:23:43 /api/user-info ............................... ~ 0.13ms
  2025-02-19 12:23:44 /api/user-info ............................... ~ 0.11ms
  2025-02-19 12:23:44 /api/user-info ............................... ~ 0.10ms
  2025-02-19 12:23:45 /api/user-info ............................... ~ 0.14ms
  2025-02-19 12:23:46 /api/user .................................... ~ 0.16ms
  2025-02-19 12:23:46 /api/regulator ............................... ~ 0.55ms
  2025-02-19 12:23:47 /api/regulator ............................... ~ 0.13ms
  2025-02-19 12:23:47 /api/user .................................... ~ 0.14ms
  2025-02-19 12:23:48 /api/frameworks .............................. ~ 1.68ms
  2025-02-19 12:23:48 /api/frameworks ............................ ~ 500.59ms
  2025-02-19 12:23:49 /api/domain .................................. ~ 0.11ms
  2025-02-19 12:23:49 /api/domain ................................ ~ 501.02ms
  2025-02-19 12:23:51 /api/regulator ............................... ~ 0.10ms
  2025-02-19 12:23:51 /api/regulator ............................. ~ 500.56ms
  2025-02-19 12:25:10 /api/user .................................... ~ 0.12ms
  2025-02-19 12:25:10 /api/regulator ............................... ~ 0.34ms
  2025-02-19 12:25:10 /api/user .................................. ~ 501.07ms
  2025-02-19 12:25:11 /api/regulator ............................. ~ 500.53ms
  2025-02-19 12:25:11 /api/frameworks .............................. ~ 0.13ms
  2025-02-19 12:25:12 /api/frameworks .............................. ~ 0.12ms
  2025-02-19 12:25:12 /api/domain .................................. ~ 0.02ms
  2025-02-19 12:25:12 /api/domain .................................. ~ 0.13ms
  2025-02-19 12:25:14 /api/regulator ............................... ~ 0.13ms
  2025-02-19 12:25:14 /api/regulator ............................... ~ 0.44ms
  2025-02-19 12:25:46 /api/user-info ............................... ~ 0.10ms
  2025-02-19 12:25:46 /api/user-info ............................. ~ 500.72ms
  2025-02-19 12:25:47 /api/user-info ............................... ~ 0.16ms
  2025-02-19 12:25:47 /api/user-info ............................. ~ 501.97ms
  2025-02-19 12:25:49 /api/user .................................... ~ 0.13ms
  2025-02-19 12:25:49 /api/regulator ............................... ~ 0.44ms
  2025-02-19 12:25:49 /api/regulator ................................... ~ 1s
  2025-02-19 12:25:51 /api/user .................................... ~ 0.11ms
  2025-02-19 12:25:52 /api/frameworks .............................. ~ 0.03ms
  2025-02-19 12:25:52 /api/frameworks .............................. ~ 0.22ms
  2025-02-19 12:25:56 /api/domain .................................. ~ 0.12ms
  2025-02-19 12:25:57 /api/domain ...................................... ~ 1s
  2025-02-19 12:26:06 /api/regulator ............................... ~ 0.13ms
  2025-02-19 12:26:06 /api/regulator ............................... ~ 0.02ms
  2025-02-19 12:26:10 /api/user-info ............................... ~ 0.15ms
  2025-02-19 12:26:11 /api/user-info ............................... ~ 0.12ms
  2025-02-19 12:26:12 /api/user-info ............................... ~ 0.15ms
  2025-02-19 12:26:13 /api/user-info ............................. ~ 500.55ms
  2025-02-19 12:26:14 /api/user .................................... ~ 0.14ms
  2025-02-19 12:26:14 /api/regulator ............................... ~ 0.45ms
  2025-02-19 12:26:15 /api/user .................................... ~ 0.13ms
  2025-02-19 12:26:15 /api/regulator ............................... ~ 0.48ms
  2025-02-19 12:26:15 /api/frameworks .............................. ~ 0.11ms
  2025-02-19 12:26:16 /api/frameworks .............................. ~ 0.08ms
  2025-02-19 12:26:16 /api/domain ................................ ~ 500.44ms
  2025-02-19 12:26:18 /api/domain .................................. ~ 0.13ms
  2025-02-19 12:26:18 /api/regulator ............................. ~ 500.88ms
  2025-02-19 12:26:19 /api/regulator ............................... ~ 0.11ms
  2025-02-19 12:26:20 /api/user ........................................ ~ 4s
  2025-02-19 12:26:24 /api/regulator ............................... ~ 0.02ms
  2025-02-19 12:26:24 /api/user .................................... ~ 0.02ms
  2025-02-19 12:26:25 /api/frameworks .............................. ~ 0.12ms
  2025-02-19 12:26:25 /api/regulator ............................... ~ 0.41ms
  2025-02-19 12:26:25 /api/user-info ............................... ~ 0.10ms
  2025-02-19 12:26:26 /api/user-info ............................... ~ 0.16ms
  2025-02-19 12:26:26 /api/user-info ............................... ~ 0.38ms
  2025-02-19 12:26:26 /api/user-info ............................... ~ 0.17ms
  2025-02-19 12:26:27 /api/user .................................... ~ 0.14ms
  2025-02-19 12:26:27 /api/regulator ............................... ~ 0.03ms
  2025-02-19 12:26:27 /api/regulator ............................. ~ 500.66ms
  2025-02-19 12:26:28 /api/user .................................... ~ 0.14ms
  2025-02-19 12:26:29 /api/frameworks .............................. ~ 0.11ms
  2025-02-19 12:26:29 /api/frameworks .............................. ~ 0.11ms
  2025-02-19 12:26:31 /api/domain .................................. ~ 0.13ms
  2025-02-19 12:26:31 /api/domain ................................ ~ 501.08ms
  2025-02-19 12:26:32 /api/regulator ............................... ~ 0.11ms
  2025-02-19 12:26:33 /api/regulator ............................... ~ 0.12ms
  2025-02-19 12:26:33 ............................................... ~ 1m 4s
  2025-02-19 12:27:38 /api/user-info ............................... ~ 0.09ms
  2025-02-19 12:27:39 /api/user-info ............................... ~ 0.14ms
  2025-02-19 12:27:39 /api/user-info ............................. ~ 500.93ms
  2025-02-19 12:27:41 /api/user-info ............................... ~ 0.12ms
  2025-02-19 12:27:41 /api/user ........................................ ~ 1s
  2025-02-19 12:27:42 /api/regulator ............................... ~ 0.61ms
  2025-02-19 12:27:43 /api/user .................................... ~ 0.14ms
  2025-02-19 12:27:44 /api/regulator ............................... ~ 0.11ms
  2025-02-19 12:27:44 /api/frameworks .............................. ~ 0.02ms
  2025-02-19 12:27:44 /api/frameworks .............................. ~ 0.16ms
  2025-02-19 12:27:44 /api/domain ................................ ~ 500.50ms
  2025-02-19 12:27:45 /api/domain .................................. ~ 0.12ms
  2025-02-19 12:27:45 /api/regulator ................................... ~ 1s
  2025-02-19 12:27:49 /api/regulator ............................... ~ 0.14ms
  2025-02-19 12:27:49 /api/regulator ................................... ~ 9s
  2025-02-19 12:27:59 /api/regulator ............................. ~ 500.51ms
  2025-02-19 12:27:59 /api/regulator ............................. ~ 500.73ms
  2025-02-19 12:28:01 /api/regulator ............................... ~ 0.13ms
  2025-02-19 12:28:01 /api/user-info ................................... ~ 5s
  2025-02-19 12:28:07 /api/user-info ............................... ~ 0.09ms
  2025-02-19 12:28:08 /api/user-info ............................... ~ 0.12ms
  2025-02-19 12:28:08 /api/user-info ............................... ~ 0.02ms
  2025-02-19 12:28:09 /api/user .................................... ~ 0.10ms
  2025-02-19 12:28:09 /api/regulator ............................... ~ 0.38ms
  2025-02-19 12:28:09 /api/regulator ............................. ~ 501.01ms
  2025-02-19 12:28:09 /api/user .................................... ~ 0.02ms
  2025-02-19 12:28:10 /api/frameworks .............................. ~ 0.11ms
  2025-02-19 12:28:10 /api/frameworks .............................. ~ 0.02ms
  2025-02-19 12:28:11 /api/domain .................................. ~ 0.09ms
  2025-02-19 12:28:11 /api/domain ................................ ~ 500.80ms
  2025-02-19 12:28:12 /api/regulator ............................... ~ 0.15ms
  2025-02-19 12:28:12 /api/regulator ............................. ~ 500.90ms
  2025-02-19 12:28:21 /api/user-info ............................... ~ 0.16ms
  2025-02-19 12:28:21 /api/user-info ............................. ~ 501.02ms
  2025-02-19 12:28:22 /api/user-info ............................... ~ 0.12ms
  2025-02-19 12:28:22 /api/user-info ............................. ~ 500.99ms
  2025-02-19 12:28:23 /api/user .................................... ~ 0.11ms
  2025-02-19 12:28:23 /api/regulator ............................... ~ 0.42ms
  2025-02-19 12:28:24 /api/user .................................... ~ 0.16ms
  2025-02-19 12:28:24 /api/regulator ............................... ~ 0.51ms
  2025-02-19 12:28:24 /api/frameworks .............................. ~ 0.13ms
  2025-02-19 12:28:25 /api/frameworks .............................. ~ 0.14ms
  2025-02-19 12:28:25 /api/domain .................................. ~ 0.02ms
  2025-02-19 12:28:26 /api/domain ................................ ~ 500.43ms
  2025-02-19 12:28:27 /api/regulator ............................... ~ 0.14ms
  2025-02-19 12:28:27 /api/regulator ............................... ~ 0.12ms
